<?xml version="1.0" encoding="UTF-8"?>
<!-- Generated by org.testng.reporters.JUnitReportReporter -->
<testsuite hostname="DESKTOP-LOFOO1Q" failures="0" tests="2" name="DemoTest.TestNg_Annotation" time="0.025" errors="0" timestamp="2022-10-02T22:25:13 IST" skipped="0">
  <testcase classname="DemoTest.TestNg_Annotation" name="test2" time="0.007"/>
  <system-out/>
  <testcase classname="DemoTest.TestNg_Annotation" name="test1" time="0.018"/>
  <system-out/>
</testsuite> <!-- DemoTest.TestNg_Annotation -->
