<?xml version="1.0" encoding="UTF-8"?>
<!-- Generated by org.testng.reporters.JUnitReportReporter -->
<testsuite hostname="DESKTOP-LOFOO1Q" failures="0" tests="2" name="DemoTest.LoanDepartment" time="0.020" errors="0" timestamp="2022-10-02T22:02:22 IST" skipped="0">
  <testcase classname="DemoTest.LoanDepartment" name="MobileLoginPersonalLoan" time="0.004"/>
  <system-out/>
  <testcase classname="DemoTest.LoanDepartment" name="MobileLoginAutomationLoan" time="0.016"/>
  <system-out/>
</testsuite> <!-- DemoTest.LoanDepartment -->
