<?xml version="1.0" encoding="UTF-8"?>
<!-- Generated by org.testng.reporters.JUnitReportReporter -->
<testsuite hostname="DESKTOP-LOFOO1Q" failures="0" tests="2" name="DemoTest.TestCase2" time="0.008" errors="0" timestamp="2022-10-02T22:38:16 IST" skipped="0">
  <testcase classname="DemoTest.TestCase2" name="test3" time="0.004"/>
  <system-out/>
  <testcase classname="DemoTest.TestCase2" name="test4" time="0.004"/>
  <system-out/>
</testsuite> <!-- DemoTest.TestCase2 -->
