<?xml version="1.0" encoding="UTF-8"?>
<!-- Generated by org.testng.reporters.JUnitReportReporter -->
<testsuite hostname="DESKTOP-LOFOO1Q" failures="0" tests="1" name="DemoTest.VerifyTitle" time="7.128" errors="0" timestamp="2022-10-02T21:19:59 IST" skipped="0">
  <testcase classname="DemoTest.VerifyTitle" name="VerifyPageTitle" time="7.128"/>
  <system-out/>
</testsuite> <!-- DemoTest.VerifyTitle -->
