<?xml version="1.0" encoding="UTF-8"?>
<!-- Generated by org.testng.reporters.JUnitReportReporter -->
<testsuite hostname="DESKTOP-LOFOO1Q" failures="0" tests="2" name="DemoTest.TestCase1" time="0.025" errors="0" timestamp="2022-10-02T22:45:03 IST" skipped="0">
  <testcase classname="DemoTest.TestCase1" name="test1" time="0.016"/>
  <system-out/>
  <testcase classname="DemoTest.TestCase1" name="test2" time="0.009"/>
  <system-out/>
</testsuite> <!-- DemoTest.TestCase1 -->
